<?xml version="1.0" encoding="UTF-8"?>
<!-- Generated by org.testng.reporters.JUnitReportReporter -->
<testsuite hostname="knight-H81M-S2PV" failures="0" tests="5" name="com.paysera.qa.testcases.payseraOnlineCurrencyExchangeTest" time="60.824" errors="1" timestamp="2021-07-24T16:26:19 BDT" skipped="4">
  <testcase classname="com.paysera.qa.testcases.payseraOnlineCurrencyExchangeTest" name="sellamountTest" time="0.000">
    <skipped/>
  </testcase> <!-- sellamountTest -->
  <system-out/>
  <testcase classname="com.paysera.qa.testcases.payseraOnlineCurrencyExchangeTest" name="selectCurrency" time="0.000">
    <skipped/>
  </testcase> <!-- selectCurrency -->
  <system-out/>
  <testcase classname="com.paysera.qa.testcases.payseraOnlineCurrencyExchangeTest" name="setUp" time="60.824">
    <error message="unknown error: DevToolsActivePort file doesn&#039;t exist
Build info: version: &#039;3.141.59&#039;, revision: &#039;e82be7d358&#039;, time: &#039;2018-11-14T08:17:03&#039;
System info: host: &#039;knight-H81M-S2PV&#039;, ip: &#039;127.0.1.1&#039;, os.name: &#039;Linux&#039;, os.arch: &#039;amd64&#039;, os.version: &#039;5.4.0-80-generic&#039;, java.version: &#039;11.0.11&#039;
Driver info: driver.version: ChromeDriver
remote stacktrace: #0 0x564487e61ab3 &lt;unknown&gt;
#1 0x564487bd53d8 &lt;unknown&gt;
#2 0x564487bfabf2 &lt;unknown&gt;
#3 0x564487bf7275 &lt;unknown&gt;
#4 0x564487bf37ca &lt;unknown&gt;
#5 0x564487c2d497 &lt;unknown&gt;
#6 0x564487c277e3 &lt;unknown&gt;
#7 0x564487bfe163 &lt;unknown&gt;
#8 0x564487bff215 &lt;unknown&gt;
#9 0x564487e8d98e &lt;unknown&gt;
#10 0x564487ea1052 &lt;unknown&gt;
#11 0x564487ea22ac &lt;unknown&gt;
#12 0x564487e8ea64 &lt;unknown&gt;
#13 0x564487ea27da &lt;unknown&gt;
#14 0x564487e84fbb &lt;unknown&gt;
#15 0x564487ebc2d8 &lt;unknown&gt;
#16 0x564487ebc458 &lt;unknown&gt;
#17 0x564487ed5f3d &lt;unknown&gt;
#18 0x7f216cd52609 start_thread
" type="org.openqa.selenium.WebDriverException">
      <![CDATA[org.openqa.selenium.WebDriverException: unknown error: DevToolsActivePort file doesn't exist
Build info: version: '3.141.59', revision: 'e82be7d358', time: '2018-11-14T08:17:03'
System info: host: 'knight-H81M-S2PV', ip: '127.0.1.1', os.name: 'Linux', os.arch: 'amd64', os.version: '5.4.0-80-generic', java.version: '11.0.11'
Driver info: driver.version: ChromeDriver
remote stacktrace: #0 0x564487e61ab3 <unknown>
#1 0x564487bd53d8 <unknown>
#2 0x564487bfabf2 <unknown>
#3 0x564487bf7275 <unknown>
#4 0x564487bf37ca <unknown>
#5 0x564487c2d497 <unknown>
#6 0x564487c277e3 <unknown>
#7 0x564487bfe163 <unknown>
#8 0x564487bff215 <unknown>
#9 0x564487e8d98e <unknown>
#10 0x564487ea1052 <unknown>
#11 0x564487ea22ac <unknown>
#12 0x564487e8ea64 <unknown>
#13 0x564487ea27da <unknown>
#14 0x564487e84fbb <unknown>
#15 0x564487ebc2d8 <unknown>
#16 0x564487ebc458 <unknown>
#17 0x564487ed5f3d <unknown>
#18 0x7f216cd52609 start_thread

at java.base/jdk.internal.reflect.NativeConstructorAccessorImpl.newInstance0(Native Method)
at java.base/jdk.internal.reflect.NativeConstructorAccessorImpl.newInstance(NativeConstructorAccessorImpl.java:62)
at java.base/jdk.internal.reflect.DelegatingConstructorAccessorImpl.newInstance(DelegatingConstructorAccessorImpl.java:45)
at java.base/java.lang.reflect.Constructor.newInstance(Constructor.java:490)
at org.openqa.selenium.remote.W3CHandshakeResponse.lambda$errorHandler$0(W3CHandshakeResponse.java:62)
at org.openqa.selenium.remote.HandshakeResponse.lambda$getResponseFunction$0(HandshakeResponse.java:30)
at org.openqa.selenium.remote.ProtocolHandshake.lambda$createSession$0(ProtocolHandshake.java:126)
at java.base/java.util.stream.ReferencePipeline$3$1.accept(ReferencePipeline.java:195)
at java.base/java.util.Spliterators$ArraySpliterator.tryAdvance(Spliterators.java:958)
at java.base/java.util.stream.ReferencePipeline.forEachWithCancel(ReferencePipeline.java:127)
at java.base/java.util.stream.AbstractPipeline.copyIntoWithCancel(AbstractPipeline.java:502)
at java.base/java.util.stream.AbstractPipeline.copyInto(AbstractPipeline.java:488)
at java.base/java.util.stream.AbstractPipeline.wrapAndCopyInto(AbstractPipeline.java:474)
at java.base/java.util.stream.FindOps$FindOp.evaluateSequential(FindOps.java:150)
at java.base/java.util.stream.AbstractPipeline.evaluate(AbstractPipeline.java:234)
at java.base/java.util.stream.ReferencePipeline.findFirst(ReferencePipeline.java:543)
at org.openqa.selenium.remote.ProtocolHandshake.createSession(ProtocolHandshake.java:128)
at org.openqa.selenium.remote.ProtocolHandshake.createSession(ProtocolHandshake.java:74)
at org.openqa.selenium.remote.HttpCommandExecutor.execute(HttpCommandExecutor.java:136)
at org.openqa.selenium.remote.service.DriverCommandExecutor.execute(DriverCommandExecutor.java:83)
at org.openqa.selenium.remote.RemoteWebDriver.execute(RemoteWebDriver.java:552)
at org.openqa.selenium.remote.RemoteWebDriver.startSession(RemoteWebDriver.java:213)
at org.openqa.selenium.remote.RemoteWebDriver.<init>(RemoteWebDriver.java:131)
at org.openqa.selenium.chrome.ChromeDriver.<init>(ChromeDriver.java:181)
at org.openqa.selenium.chrome.ChromeDriver.<init>(ChromeDriver.java:168)
at org.openqa.selenium.chrome.ChromeDriver.<init>(ChromeDriver.java:123)
at com.paysera.qa.testbase.TestBase.initialization(TestBase.java:54)
at com.paysera.qa.testcases.payseraOnlineCurrencyExchangeTest.setUp(payseraOnlineCurrencyExchangeTest.java:24)
at java.base/jdk.internal.reflect.NativeMethodAccessorImpl.invoke0(Native Method)
at java.base/jdk.internal.reflect.NativeMethodAccessorImpl.invoke(NativeMethodAccessorImpl.java:62)
at java.base/jdk.internal.reflect.DelegatingMethodAccessorImpl.invoke(DelegatingMethodAccessorImpl.java:43)
at java.base/java.lang.reflect.Method.invoke(Method.java:566)
at org.testng.internal.MethodInvocationHelper.invokeMethod(MethodInvocationHelper.java:133)
at org.testng.internal.MethodInvocationHelper.invokeMethodConsideringTimeout(MethodInvocationHelper.java:62)
at org.testng.internal.ConfigInvoker.invokeConfigurationMethod(ConfigInvoker.java:385)
at org.testng.internal.ConfigInvoker.invokeConfigurations(ConfigInvoker.java:321)
at org.testng.internal.TestInvoker.runConfigMethods(TestInvoker.java:700)
at org.testng.internal.TestInvoker.invokeMethod(TestInvoker.java:527)
at org.testng.internal.TestInvoker.invokeTestMethod(TestInvoker.java:173)
at org.testng.internal.MethodRunner.runInSequence(MethodRunner.java:46)
at org.testng.internal.TestInvoker$MethodInvocationAgent.invoke(TestInvoker.java:824)
at org.testng.internal.TestInvoker.invokeTestMethods(TestInvoker.java:146)
at org.testng.internal.TestMethodWorker.invokeTestMethods(TestMethodWorker.java:146)
at org.testng.internal.TestMethodWorker.run(TestMethodWorker.java:128)
at java.base/java.util.ArrayList.forEach(ArrayList.java:1541)
at org.testng.TestRunner.privateRun(TestRunner.java:794)
at org.testng.TestRunner.run(TestRunner.java:596)
at org.testng.SuiteRunner.runTest(SuiteRunner.java:377)
at org.testng.SuiteRunner.runSequentially(SuiteRunner.java:371)
at org.testng.SuiteRunner.privateRun(SuiteRunner.java:332)
at org.testng.SuiteRunner.run(SuiteRunner.java:276)
at org.testng.SuiteRunnerWorker.runSuite(SuiteRunnerWorker.java:53)
at org.testng.SuiteRunnerWorker.run(SuiteRunnerWorker.java:96)
at org.testng.TestNG.runSuitesSequentially(TestNG.java:1212)
at org.testng.TestNG.runSuitesLocally(TestNG.java:1134)
at org.testng.TestNG.runSuites(TestNG.java:1063)
at org.testng.TestNG.run(TestNG.java:1031)
at org.testng.remote.AbstractRemoteTestNG.run(AbstractRemoteTestNG.java:115)
at org.testng.remote.RemoteTestNG.initAndRun(RemoteTestNG.java:251)
at org.testng.remote.RemoteTestNG.main(RemoteTestNG.java:77)
]]>
    </error>
  </testcase> <!-- setUp -->
  <system-out/>
  <testcase classname="com.paysera.qa.testcases.payseraOnlineCurrencyExchangeTest" name="clickFilterButton" time="0.000">
    <skipped/>
  </testcase> <!-- clickFilterButton -->
  <system-out/>
  <testcase classname="com.paysera.qa.testcases.payseraOnlineCurrencyExchangeTest" name="exchangepageTest" time="0.000">
    <skipped/>
  </testcase> <!-- exchangepageTest -->
  <system-out/>
</testsuite> <!-- com.paysera.qa.testcases.payseraOnlineCurrencyExchangeTest -->
